2025-04-04 15:38:56.054 | Приложение запускается...
2025-04-04 15:38:56.071 | Конфигурация загружена.
2025-04-04 15:38:56.072 | Создание MainWindow...
2025-04-04 15:38:56.229 | Конструктор DownloaderViewModel: Начало
2025-04-04 15:38:56.231 | Настройки загружены. Потоков: 4, Пауза: 100 мс
2025-04-04 15:38:56.232 | Конструктор DownloaderViewModel: LoadConfigurationAndSettings завершен
2025-04-04 15:38:56.232 | Загрузка списка баз данных...
2025-04-04 15:38:56.233 | Загружено 7 баз данных.
2025-04-04 15:38:56.233 | Конструктор DownloaderViewModel: LoadAvailableDatabases завершен
2025-04-04 15:38:56.235 | Загрузка списка тем...
2025-04-04 15:38:56.510 | Загружено 36 тем.
2025-04-04 15:38:56.512 | Конструктор DownloaderViewModel: LoadAvailableThemes завершен
2025-04-04 15:38:56.513 | Конструктор DownloaderViewModel: Команды инициализированы
2025-04-04 15:38:56.513 | Конструктор DownloaderViewModel: Завершен
2025-04-04 15:38:56.513 | Показ MainWindow...
2025-04-04 15:38:56.629 | КРИТИЧЕСКАЯ ОШИБКА ПРИ ВЫЗОВЕ MainWindow.Show(): System.InvalidOperationException: Привязка типа TwoWay или OneWayToSource не может работать с доступным только для чтения свойством "ProcessedFiles" типа "DownloaderApp.ViewModels.DownloaderViewModel".
   at MS.Internal.Data.PropertyPathWorker.CheckReadOnly(Object item, Object info)
   at MS.Internal.Data.PropertyPathWorker.ReplaceItem(Int32 k, Object newO, Object parent)
   at MS.Internal.Data.PropertyPathWorker.UpdateSourceValueState(Int32 k, ICollectionView collectionView, Object newValue, Boolean isASubPropertyChange)
   at MS.Internal.Data.ClrBindingWorker.AttachDataItem()
   at System.Windows.Data.BindingExpression.Activate(Object item)
   at System.Windows.Data.BindingExpression.AttachToContext(AttachAttempt attempt)
   at System.Windows.Data.BindingExpression.MS.Internal.Data.IDataBindEngineClient.AttachToContext(Boolean lastChance)
   at MS.Internal.Data.DataBindEngine.Task.Run(Boolean lastChance)
   at MS.Internal.Data.DataBindEngine.Run(Object arg)
   at MS.Internal.Data.DataBindEngine.OnLayoutUpdated(Object sender, EventArgs e)
   at System.Windows.ContextLayoutManager.fireLayoutUpdateEvent()
   at System.Windows.ContextLayoutManager.UpdateLayout()
   at System.Windows.Interop.HwndSource.SetLayoutSize()
   at System.Windows.Interop.HwndSource.set_RootVisualInternal(Visual value)
   at System.Windows.Window.SetRootVisualAndUpdateSTC()
   at System.Windows.Window.SetupInitialState(Double requestedTop, Double requestedLeft, Double requestedWidth, Double requestedHeight)
   at System.Windows.Window.CreateSourceWindow(Boolean duringShow)
   at System.Windows.Window.ShowHelper(Object booleanBox)
   at System.Windows.Window.Show()
   at DownloaderApp.App.OnStartup(StartupEventArgs e) in C:\Users\Krasoft2025\Desktop\Прога для скачки\DownloaderApp\App.xaml.cs:line 41
2025-04-04 15:38:56.645 | КРИТИЧЕСКАЯ ОШИБКА В OnStartup (до Show): System.InvalidOperationException: Привязка типа TwoWay или OneWayToSource не может работать с доступным только для чтения свойством "ProcessedFiles" типа "DownloaderApp.ViewModels.DownloaderViewModel".
   at MS.Internal.Data.PropertyPathWorker.CheckReadOnly(Object item, Object info)
   at MS.Internal.Data.PropertyPathWorker.ReplaceItem(Int32 k, Object newO, Object parent)
   at MS.Internal.Data.PropertyPathWorker.UpdateSourceValueState(Int32 k, ICollectionView collectionView, Object newValue, Boolean isASubPropertyChange)
   at MS.Internal.Data.ClrBindingWorker.AttachDataItem()
   at System.Windows.Data.BindingExpression.Activate(Object item)
   at System.Windows.Data.BindingExpression.AttachToContext(AttachAttempt attempt)
   at System.Windows.Data.BindingExpression.MS.Internal.Data.IDataBindEngineClient.AttachToContext(Boolean lastChance)
   at MS.Internal.Data.DataBindEngine.Task.Run(Boolean lastChance)
   at MS.Internal.Data.DataBindEngine.Run(Object arg)
   at System.Windows.Threading.ExceptionWrapper.InternalRealCall(Delegate callback, Object args, Int32 numArgs)
   at System.Windows.Threading.ExceptionWrapper.TryCatchWhen(Object source, Delegate callback, Object args, Int32 numArgs, Delegate catchHandler)
   at System.Windows.Threading.DispatcherOperation.InvokeImpl()
   at MS.Internal.CulturePreservingExecutionContext.CallbackWrapper(Object obj)
   at System.Threading.ExecutionContext.RunInternal(ExecutionContext executionContext, ContextCallback callback, Object state)
--- End of stack trace from previous location ---
   at System.Threading.ExecutionContext.RunInternal(ExecutionContext executionContext, ContextCallback callback, Object state)
   at MS.Internal.CulturePreservingExecutionContext.Run(CulturePreservingExecutionContext executionContext, ContextCallback callback, Object state)
   at System.Windows.Threading.DispatcherOperation.Invoke()
   at System.Windows.Threading.Dispatcher.ProcessQueue()
   at System.Windows.Threading.Dispatcher.WndProcHook(IntPtr hwnd, Int32 msg, IntPtr wParam, IntPtr lParam, Boolean& handled)
   at MS.Win32.HwndWrapper.WndProc(IntPtr hwnd, Int32 msg, IntPtr wParam, IntPtr lParam, Boolean& handled)
   at MS.Win32.HwndSubclass.DispatcherCallbackOperation(Object o)
   at System.Windows.Threading.ExceptionWrapper.InternalRealCall(Delegate callback, Object args, Int32 numArgs)
   at System.Windows.Threading.ExceptionWrapper.TryCatchWhen(Object source, Delegate callback, Object args, Int32 numArgs, Delegate catchHandler)
   at System.Windows.Threading.Dispatcher.LegacyInvokeImpl(DispatcherPriority priority, TimeSpan timeout, Delegate method, Object args, Int32 numArgs)
   at System.Windows.Threading.Dispatcher.Invoke(DispatcherPriority priority, Delegate method, Object arg)
   at MS.Win32.HwndSubclass.SubclassWndProc(IntPtr hwnd, Int32 msg, IntPtr wParam, IntPtr lParam)
   at MS.Win32.UnsafeNativeMethods.MessageBox(HandleRef hWnd, String text, String caption, Int32 type)
   at System.Windows.MessageBox.ShowCore(IntPtr owner, String messageBoxText, String caption, MessageBoxButton button, MessageBoxImage icon, MessageBoxResult defaultResult, MessageBoxOptions options)
   at System.Windows.MessageBox.Show(String messageBoxText, String caption, MessageBoxButton button, MessageBoxImage icon)
   at DownloaderApp.App.OnStartup(StartupEventArgs e) in C:\Users\Krasoft2025\Desktop\Прога для скачки\DownloaderApp\App.xaml.cs:line 47
