2025-04-08 21:51:30.956 | Приложение запускается...
2025-04-08 21:51:30.960 | Обнаружено 11 лог-файлов. Удаление 1 самых старых...
2025-04-08 21:51:30.961 | Удален старый лог-файл: DownloaderAppLog_20250408_201408.log
2025-04-08 21:51:30.975 | Конфигурация загружена.
2025-04-08 21:51:31.104 | Конструктор DownloaderViewModel: Начало
2025-04-08 21:51:31.106 | Retrieved BaseConnectionString: 'Data Source=85.173.112.233;User ID=sa;Password=fyfkbnbrf-2014*;TrustServerCertificate=True'
2025-04-08 21:51:31.106 | Retrieved IacConnectionString: 'Data Source=195.93.180.108;Initial Catalog=zakupkiWeb;User ID=sa;Password=fyfkbnbrf-2011*;TrustServerCertificate=True'
2025-04-08 21:51:31.106 | Retrieved ServerOfficeConnectionString: 'Data Source=85.173.112.233;Initial Catalog=IAC;User ID=sa;Password=fyfkbnbrf-2014*;TrustServerCertificate=True'
2025-04-08 21:51:31.116 | Конструктор DownloaderViewModel: LoadConfigurationAndSettings завершен
2025-04-08 21:51:31.184 | Конструктор DownloaderViewModel: LoadAvailableDatabases завершен
2025-04-08 21:51:31.402 | Конструктор DownloaderViewModel: LoadAvailableThemes завершен
2025-04-08 21:51:31.405 | Обнаружена текущая UI тема: Light.Blue
2025-04-08 21:51:31.406 | Конструктор DownloaderViewModel: LoadUiThemesAndAccents завершен
2025-04-08 21:51:31.406 | Конструктор DownloaderViewModel: Команды инициализированы
2025-04-08 21:51:31.406 | Конструктор DownloaderViewModel: Завершен
2025-04-08 21:51:31.570 | КРИТИЧЕСКАЯ ОШИБКА при создании/отображении MainWindow: System.InvalidOperationException: Привязка типа TwoWay или OneWayToSource не может работать с доступным только для чтения свойством "ProcessedFiles" типа "FileDownloader.ViewModels.DownloaderViewModel".
   at MS.Internal.Data.PropertyPathWorker.CheckReadOnly(Object item, Object info)
   at MS.Internal.Data.PropertyPathWorker.ReplaceItem(Int32 k, Object newO, Object parent)
   at MS.Internal.Data.PropertyPathWorker.UpdateSourceValueState(Int32 k, ICollectionView collectionView, Object newValue, Boolean isASubPropertyChange)
   at MS.Internal.Data.ClrBindingWorker.AttachDataItem()
   at System.Windows.Data.BindingExpression.Activate(Object item)
   at System.Windows.Data.BindingExpression.AttachToContext(AttachAttempt attempt)
   at System.Windows.Data.BindingExpression.MS.Internal.Data.IDataBindEngineClient.AttachToContext(Boolean lastChance)
   at MS.Internal.Data.DataBindEngine.Task.Run(Boolean lastChance)
   at MS.Internal.Data.DataBindEngine.Run(Object arg)
   at MS.Internal.Data.DataBindEngine.OnLayoutUpdated(Object sender, EventArgs e)
   at System.Windows.ContextLayoutManager.fireLayoutUpdateEvent()
   at System.Windows.ContextLayoutManager.UpdateLayout()
   at System.Windows.Interop.HwndSource.SetLayoutSize()
   at System.Windows.Interop.HwndSource.set_RootVisualInternal(Visual value)
   at System.Windows.Window.SetRootVisualAndUpdateSTC()
   at System.Windows.Window.SetupInitialState(Double requestedTop, Double requestedLeft, Double requestedWidth, Double requestedHeight)
   at System.Windows.Window.CreateSourceWindow(Boolean duringShow)
   at System.Windows.Window.ShowHelper(Object booleanBox)
   at System.Windows.Window.Show()
   at FileDownloader.App.OnStartup(StartupEventArgs e) in C:\Users\Krasoft2025\proga\DownloaderApp\App.xaml.cs:line 96
