2025-04-08 14:47:21.905 | Приложение запускается...
2025-04-08 14:47:21.910 | Обнаружено 11 лог-файлов. Удаление 1 самых старых...
2025-04-08 14:47:21.910 | Удален старый лог-файл: DownloaderAppLog_20250408_135901.log
2025-04-08 14:47:21.925 | Конфигурация загружена.
2025-04-08 14:47:22.148 | Конструктор DownloaderViewModel: Начало
2025-04-08 14:47:22.155 | Базовая строка подключения установлена на сервер: 192.168.1.103 (из ServerOfficeConnection)
2025-04-08 14:47:22.155 | ПРЕДУПРЕЖДЕНИЕ: DefaultConnection (85.173.112.233) отличается от базового сервера (192.168.1.103) и больше не используется для основных операций.
2025-04-08 14:47:22.160 | Настройки загружены. Потоков: 2, Пауза: 100 мс
2025-04-08 14:47:22.161 | Конструктор DownloaderViewModel: LoadConfigurationAndSettings завершен
2025-04-08 14:47:22.161 | Загрузка списка баз данных...
2025-04-08 14:47:22.162 | Загружено 7 баз данных.
2025-04-08 14:47:22.162 | Конструктор DownloaderViewModel: LoadAvailableDatabases завершен
2025-04-08 14:47:22.163 | Загрузка списка тем...
2025-04-08 14:47:22.413 | Загружено 36 тем.
2025-04-08 14:47:22.415 | Конструктор DownloaderViewModel: LoadAvailableThemes завершен
2025-04-08 14:47:22.419 | Обнаружена текущая UI тема: Light.Blue
2025-04-08 14:47:22.419 | Конструктор DownloaderViewModel: LoadUiThemesAndAccents завершен
2025-04-08 14:47:22.419 | Конструктор DownloaderViewModel: Команды инициализированы
2025-04-08 14:47:22.419 | Конструктор DownloaderViewModel: Завершен
2025-04-08 14:47:22.662 | MainWindow создано и показано.
2025-04-08 14:48:17.624 | Настройки применены. Потоков: 2, Пауза: 100 мс
