2025-04-04 21:32:03.223 | Приложение запускается...
2025-04-04 21:32:03.240 | Конфигурация загружена.
2025-04-04 21:32:03.555 | Конструктор DownloaderViewModel: Начало
2025-04-04 21:32:03.558 | Настройки загружены. Потоков: 4, Пауза: 100 мс
2025-04-04 21:32:03.559 | Конструктор DownloaderViewModel: LoadConfigurationAndSettings завершен
2025-04-04 21:32:03.559 | Загрузка списка баз данных...
2025-04-04 21:32:03.560 | Загружено 7 баз данных.
2025-04-04 21:32:03.560 | Конструктор DownloaderViewModel: LoadAvailableDatabases завершен
2025-04-04 21:32:03.563 | Загрузка списка тем...
2025-04-04 21:32:03.861 | Загружено 36 тем.
2025-04-04 21:32:03.863 | Конструктор DownloaderViewModel: LoadAvailableThemes завершен
2025-04-04 21:32:03.867 | Обнаружена текущая UI тема: Light.Blue
2025-04-04 21:32:03.867 | Конструктор DownloaderViewModel: LoadUiThemesAndAccents завершен
2025-04-04 21:32:03.867 | Конструктор DownloaderViewModel: Команды инициализированы
2025-04-04 21:32:03.868 | Конструктор DownloaderViewModel: Завершен
2025-04-04 21:32:04.147 | MainWindow создано и показано.
2025-04-04 21:32:15.739 | Начало загрузки...
2025-04-04 21:32:15.745 | Получение списка файлов...
2025-04-04 21:32:15.764 | ОШИБКА подключения/получения списка (1/3): Подключение к серверу успешно установлено, но затем произошла ошибка при входе. (provider: Поставщик SSL, error: 0 - Цепочка сертификатов выпущена центром сертификации, не имеющим доверия.)
2025-04-04 21:32:15.765 | Повторная попытка через 5 секунд...
2025-04-04 21:32:20.769 | Получение списка файлов...
2025-04-04 21:32:20.779 | ОШИБКА подключения/получения списка (2/3): Подключение к серверу успешно установлено, но затем произошла ошибка при входе. (provider: Поставщик SSL, error: 0 - Цепочка сертификатов выпущена центром сертификации, не имеющим доверия.)
2025-04-04 21:32:20.779 | Повторная попытка через 5 секунд...
2025-04-04 21:32:25.794 | Получение списка файлов...
2025-04-04 21:32:25.795 | ОШИБКА подключения/получения списка (3/3): Подключение к серверу успешно установлено, но затем произошла ошибка при входе. (provider: Поставщик SSL, error: 0 - Цепочка сертификатов выпущена центром сертификации, не имеющим доверия.)
2025-04-04 21:32:25.796 | Превышено количество попыток. Загрузка остановлена.
